INFO [2021-10-21 15:18:45] $x
INFO [2021-10-21 15:18:45] list(tara, polar, calcofi)
INFO [2021-10-21 15:18:45] 
INFO [2021-10-21 15:18:45] $category.names
INFO [2021-10-21 15:18:45] c("Tara Oceans", "Tara Polar", "CalCOFI")
INFO [2021-10-21 15:18:45] 
INFO [2021-10-21 15:18:45] $filename
INFO [2021-10-21 15:18:45] NULL
INFO [2021-10-21 15:18:45] 
INFO [2021-10-21 15:18:45] $output
INFO [2021-10-21 15:18:45] [1] FALSE
INFO [2021-10-21 15:18:45] 
INFO [2021-10-21 15:18:45] $units
INFO [2021-10-21 15:18:45] [1] "in"
INFO [2021-10-21 15:18:45] 
INFO [2021-10-21 15:18:45] $height
INFO [2021-10-21 15:18:45] [1] 6
INFO [2021-10-21 15:18:45] 
INFO [2021-10-21 15:18:45] $width
INFO [2021-10-21 15:18:45] [1] 6
INFO [2021-10-21 15:18:45] 
INFO [2021-10-21 15:18:45] $resolution
INFO [2021-10-21 15:18:45] [1] 400
INFO [2021-10-21 15:18:45] 
INFO [2021-10-21 15:18:45] $compression
INFO [2021-10-21 15:18:45] [1] "lzw"
INFO [2021-10-21 15:18:45] 
INFO [2021-10-21 15:18:45] $lwd
INFO [2021-10-21 15:18:45] [1] 1
INFO [2021-10-21 15:18:45] 
INFO [2021-10-21 15:18:45] $col
INFO [2021-10-21 15:18:45] c("#440154ff", "#21908dff", "#fde725ff")
INFO [2021-10-21 15:18:45] 
INFO [2021-10-21 15:18:45] $fill
INFO [2021-10-21 15:18:45] c(alpha("#440154ff", 0.3), alpha("#21908dff", 0.3), alpha("#fde725ff", 
INFO [2021-10-21 15:18:45]     0.3))
INFO [2021-10-21 15:18:45] 
INFO [2021-10-21 15:18:45] $cex
INFO [2021-10-21 15:18:45] [1] 1.5
INFO [2021-10-21 15:18:45] 
INFO [2021-10-21 15:18:45] $fontface
INFO [2021-10-21 15:18:45] [1] "bold"
INFO [2021-10-21 15:18:45] 
INFO [2021-10-21 15:18:45] $fontfamily
INFO [2021-10-21 15:18:45] [1] "sans"
INFO [2021-10-21 15:18:45] 
INFO [2021-10-21 15:18:45] $cat.cex
INFO [2021-10-21 15:18:45] [1] 1.5
INFO [2021-10-21 15:18:45] 
INFO [2021-10-21 15:18:45] $cat.default.pos
INFO [2021-10-21 15:18:45] [1] "outer"
INFO [2021-10-21 15:18:45] 
INFO [2021-10-21 15:18:45] $cat.pos
INFO [2021-10-21 15:18:45] c(-20, 20, 130)
INFO [2021-10-21 15:18:45] 
INFO [2021-10-21 15:18:45] $cat.dist
INFO [2021-10-21 15:18:45] c(0.055, 0.055, 0.055)
INFO [2021-10-21 15:18:45] 
INFO [2021-10-21 15:18:45] $cat.fontfamily
INFO [2021-10-21 15:18:45] [1] "sans"
INFO [2021-10-21 15:18:45] 
INFO [2021-10-21 15:18:45] $cat.col
INFO [2021-10-21 15:18:45] c("black", "black", "black")
INFO [2021-10-21 15:18:45] 
INFO [2021-10-21 15:18:45] $rotation
INFO [2021-10-21 15:18:45] [1] 1
INFO [2021-10-21 15:18:45] 
