INFO [2021-10-21 10:21:04] $x
INFO [2021-10-21 10:21:04] list(tara, polar, calcofi)
INFO [2021-10-21 10:21:04] 
INFO [2021-10-21 10:21:04] $category.names
INFO [2021-10-21 10:21:04] c("Tara Oceans", "Tara Polar", "CalCOFI")
INFO [2021-10-21 10:21:04] 
INFO [2021-10-21 10:21:04] $filename
INFO [2021-10-21 10:21:04] NULL
INFO [2021-10-21 10:21:04] 
INFO [2021-10-21 10:21:04] $output
INFO [2021-10-21 10:21:04] [1] FALSE
INFO [2021-10-21 10:21:04] 
INFO [2021-10-21 10:21:04] $units
INFO [2021-10-21 10:21:04] [1] "in"
INFO [2021-10-21 10:21:04] 
INFO [2021-10-21 10:21:04] $height
INFO [2021-10-21 10:21:04] [1] 6
INFO [2021-10-21 10:21:04] 
INFO [2021-10-21 10:21:04] $width
INFO [2021-10-21 10:21:04] [1] 6
INFO [2021-10-21 10:21:04] 
INFO [2021-10-21 10:21:04] $resolution
INFO [2021-10-21 10:21:04] [1] 400
INFO [2021-10-21 10:21:04] 
INFO [2021-10-21 10:21:04] $compression
INFO [2021-10-21 10:21:04] [1] "lzw"
INFO [2021-10-21 10:21:04] 
INFO [2021-10-21 10:21:04] $lwd
INFO [2021-10-21 10:21:04] [1] 1
INFO [2021-10-21 10:21:04] 
INFO [2021-10-21 10:21:04] $col
INFO [2021-10-21 10:21:04] c("#440154ff", "#21908dff", "#fde725ff")
INFO [2021-10-21 10:21:04] 
INFO [2021-10-21 10:21:04] $fill
INFO [2021-10-21 10:21:04] c(alpha("#440154ff", 0.3), alpha("#21908dff", 0.3), alpha("#fde725ff", 
INFO [2021-10-21 10:21:04]     0.3))
INFO [2021-10-21 10:21:04] 
INFO [2021-10-21 10:21:04] $cex
INFO [2021-10-21 10:21:04] [1] 1.5
INFO [2021-10-21 10:21:04] 
INFO [2021-10-21 10:21:04] $fontface
INFO [2021-10-21 10:21:04] [1] "bold"
INFO [2021-10-21 10:21:04] 
INFO [2021-10-21 10:21:04] $fontfamily
INFO [2021-10-21 10:21:04] [1] "sans"
INFO [2021-10-21 10:21:04] 
INFO [2021-10-21 10:21:04] $cat.cex
INFO [2021-10-21 10:21:04] [1] 1.5
INFO [2021-10-21 10:21:04] 
INFO [2021-10-21 10:21:04] $cat.default.pos
INFO [2021-10-21 10:21:04] [1] "outer"
INFO [2021-10-21 10:21:04] 
INFO [2021-10-21 10:21:04] $cat.pos
INFO [2021-10-21 10:21:04] c(-20, 20, 130)
INFO [2021-10-21 10:21:04] 
INFO [2021-10-21 10:21:04] $cat.dist
INFO [2021-10-21 10:21:04] c(0.055, 0.055, 0.055)
INFO [2021-10-21 10:21:04] 
INFO [2021-10-21 10:21:04] $cat.fontfamily
INFO [2021-10-21 10:21:04] [1] "sans"
INFO [2021-10-21 10:21:04] 
INFO [2021-10-21 10:21:04] $cat.col
INFO [2021-10-21 10:21:04] c("black", "black", "black")
INFO [2021-10-21 10:21:04] 
INFO [2021-10-21 10:21:04] $rotation
INFO [2021-10-21 10:21:04] [1] 1
INFO [2021-10-21 10:21:04] 
