INFO [2021-10-21 10:18:58] $x
INFO [2021-10-21 10:18:58] list(tara, polar, calcofi)
INFO [2021-10-21 10:18:58] 
INFO [2021-10-21 10:18:58] $category.names
INFO [2021-10-21 10:18:58] c("Tara Oceans", "Tara Polar", "CalCOFI")
INFO [2021-10-21 10:18:58] 
INFO [2021-10-21 10:18:58] $filename
INFO [2021-10-21 10:18:58] NULL
INFO [2021-10-21 10:18:58] 
INFO [2021-10-21 10:18:58] $output
INFO [2021-10-21 10:18:58] [1] FALSE
INFO [2021-10-21 10:18:58] 
INFO [2021-10-21 10:18:58] $units
INFO [2021-10-21 10:18:58] [1] "in"
INFO [2021-10-21 10:18:58] 
INFO [2021-10-21 10:18:58] $height
INFO [2021-10-21 10:18:58] [1] 6
INFO [2021-10-21 10:18:58] 
INFO [2021-10-21 10:18:58] $width
INFO [2021-10-21 10:18:58] [1] 6
INFO [2021-10-21 10:18:58] 
INFO [2021-10-21 10:18:58] $resolution
INFO [2021-10-21 10:18:58] [1] 400
INFO [2021-10-21 10:18:58] 
INFO [2021-10-21 10:18:58] $compression
INFO [2021-10-21 10:18:58] [1] "lzw"
INFO [2021-10-21 10:18:58] 
INFO [2021-10-21 10:18:58] $lwd
INFO [2021-10-21 10:18:58] [1] 1
INFO [2021-10-21 10:18:58] 
INFO [2021-10-21 10:18:58] $col
INFO [2021-10-21 10:18:58] c("#440154ff", "#21908dff", "#fde725ff")
INFO [2021-10-21 10:18:58] 
INFO [2021-10-21 10:18:58] $fill
INFO [2021-10-21 10:18:58] c(alpha("#440154ff", 0.3), alpha("#21908dff", 0.3), alpha("#fde725ff", 
INFO [2021-10-21 10:18:58]     0.3))
INFO [2021-10-21 10:18:58] 
INFO [2021-10-21 10:18:58] $cex
INFO [2021-10-21 10:18:58] [1] 1.5
INFO [2021-10-21 10:18:58] 
INFO [2021-10-21 10:18:58] $fontface
INFO [2021-10-21 10:18:58] [1] "bold"
INFO [2021-10-21 10:18:58] 
INFO [2021-10-21 10:18:58] $fontfamily
INFO [2021-10-21 10:18:58] [1] "sans"
INFO [2021-10-21 10:18:58] 
INFO [2021-10-21 10:18:58] $cat.cex
INFO [2021-10-21 10:18:58] [1] 1.5
INFO [2021-10-21 10:18:58] 
INFO [2021-10-21 10:18:58] $cat.default.pos
INFO [2021-10-21 10:18:58] [1] "outer"
INFO [2021-10-21 10:18:58] 
INFO [2021-10-21 10:18:58] $cat.pos
INFO [2021-10-21 10:18:58] c(-20, 20, 130)
INFO [2021-10-21 10:18:58] 
INFO [2021-10-21 10:18:58] $cat.dist
INFO [2021-10-21 10:18:58] c(0.055, 0.055, 0.055)
INFO [2021-10-21 10:18:58] 
INFO [2021-10-21 10:18:58] $cat.fontfamily
INFO [2021-10-21 10:18:58] [1] "sans"
INFO [2021-10-21 10:18:58] 
INFO [2021-10-21 10:18:58] $cat.col
INFO [2021-10-21 10:18:58] c("black", "black", "black")
INFO [2021-10-21 10:18:58] 
INFO [2021-10-21 10:18:58] $rotation
INFO [2021-10-21 10:18:58] [1] 1
INFO [2021-10-21 10:18:58] 
